{"timestamp":"2025-07-08T17:25:30.296Z","level":"info","message":"[CentralBrain] All memory cleaned successfully","data":null}
{"timestamp":"2025-07-09T06:37:53.070Z","level":"info","message":"EmotionEngine initialized","data":null}
{"timestamp":"2025-07-09T06:37:53.094Z","level":"info","message":"[Cache] Loaded 7 cached responses","data":null}
{"timestamp":"2025-07-09T06:37:53.590Z","level":"info","message":"MultiAgentManager initialized","data":null}
{"timestamp":"2025-07-09T06:37:53.591Z","level":"info","message":"MultiAgentManager initialized","data":null}
{"timestamp":"2025-07-09T06:37:53.592Z","level":"info","message":"[CentralBrain] CEREBRUM initialized as central executive","data":null}
{"timestamp":"2025-07-09T06:37:53.620Z","level":"info","message":"[TaskManager] Created task: Test Task 1 (ID: task_1)","data":null}
{"timestamp":"2025-07-09T06:37:53.627Z","level":"info","message":"[TaskManager] Created default task templates","data":null}
{"timestamp":"2025-07-09T06:37:53.629Z","level":"info","message":"[TaskManager] Initialized with 2 tasks and 5 templates","data":null}
{"timestamp":"2025-07-09T06:37:53.691Z","level":"info","message":"[TaskManager] Created task: Test Task 2 (ID: task_2)","data":null}
{"timestamp":"2025-07-09T06:37:53.714Z","level":"info","message":"[TaskManager] Completed task: task_1","data":null}
{"timestamp":"2025-07-09T06:37:53.724Z","level":"info","message":"Agent 'creative_thinker' created with role 'creative_thinker'","data":null}
{"timestamp":"2025-07-09T06:37:53.727Z","level":"info","message":"Agent 'creative_thinker' created with role 'creative_thinker'","data":null}
{"timestamp":"2025-07-09T06:37:53.787Z","level":"info","message":"Agent 'logical_analyst' created with role 'analyst'","data":null}
{"timestamp":"2025-07-09T06:37:53.789Z","level":"info","message":"Agent 'logical_analyst' created with role 'analyst'","data":null}
{"timestamp":"2025-07-09T06:37:53.870Z","level":"info","message":"Loaded 7 workflows","data":null}
{"timestamp":"2025-07-09T06:37:53.871Z","level":"info","message":"Loaded 7 workflows","data":null}
{"timestamp":"2025-07-09T06:37:53.874Z","level":"info","message":"Agent 'practical_implementer' created with role 'implementer'","data":null}
{"timestamp":"2025-07-09T06:37:53.876Z","level":"info","message":"Agent 'practical_implementer' created with role 'implementer'","data":null}
{"timestamp":"2025-07-09T06:37:54.092Z","level":"info","message":"Agent 'test_analyst' created with role 'analyst'","data":null}
{"timestamp":"2025-07-09T06:37:54.094Z","level":"info","message":"Agent 'test_analyst' created with role 'analyst'","data":null}
{"timestamp":"2025-07-09T06:37:54.142Z","level":"info","message":"Agent 'test_reviewer' created with role 'reviewer'","data":null}
{"timestamp":"2025-07-09T06:37:54.143Z","level":"info","message":"Loaded 5 agents","data":null}
{"timestamp":"2025-07-09T06:37:54.146Z","level":"info","message":"Agent 'test_reviewer' created with role 'reviewer'","data":null}
{"timestamp":"2025-07-09T06:37:54.147Z","level":"info","message":"Loaded 5 agents","data":null}
{"timestamp":"2025-07-09T06:38:47.571Z","level":"info","message":"[CentralBrain] Independent thinking session completed","data":null}
{"timestamp":"2025-07-09T06:39:23.012Z","level":"info","message":"EmotionEngine initialized","data":null}
{"timestamp":"2025-07-09T06:39:23.015Z","level":"info","message":"[Cache] Loaded 7 cached responses","data":null}
{"timestamp":"2025-07-09T06:39:23.080Z","level":"info","message":"MultiAgentManager initialized","data":null}
{"timestamp":"2025-07-09T06:39:23.080Z","level":"info","message":"MultiAgentManager initialized","data":null}
{"timestamp":"2025-07-09T06:39:23.082Z","level":"info","message":"[CentralBrain] CEREBRUM initialized as central executive","data":null}
{"timestamp":"2025-07-09T06:39:23.154Z","level":"info","message":"[TaskManager] Initialized with 2 tasks and 5 templates","data":null}
{"timestamp":"2025-07-09T06:39:23.158Z","level":"info","message":"Agent 'creative_thinker' created with role 'creative_thinker'","data":null}
{"timestamp":"2025-07-09T06:39:23.160Z","level":"info","message":"Agent 'creative_thinker' created with role 'creative_thinker'","data":null}
{"timestamp":"2025-07-09T06:39:23.188Z","level":"info","message":"Loaded 7 workflows","data":null}
{"timestamp":"2025-07-09T06:39:23.190Z","level":"info","message":"Loaded 7 workflows","data":null}
{"timestamp":"2025-07-09T06:39:23.193Z","level":"info","message":"Agent 'logical_analyst' created with role 'analyst'","data":null}
{"timestamp":"2025-07-09T06:39:23.197Z","level":"info","message":"Agent 'logical_analyst' created with role 'analyst'","data":null}
{"timestamp":"2025-07-09T06:39:23.236Z","level":"info","message":"Agent 'practical_implementer' created with role 'implementer'","data":null}
{"timestamp":"2025-07-09T06:39:23.238Z","level":"info","message":"Agent 'practical_implementer' created with role 'implementer'","data":null}
{"timestamp":"2025-07-09T06:39:23.295Z","level":"info","message":"Agent 'test_analyst' created with role 'analyst'","data":null}
{"timestamp":"2025-07-09T06:39:23.298Z","level":"info","message":"Agent 'test_analyst' created with role 'analyst'","data":null}
{"timestamp":"2025-07-09T06:39:23.344Z","level":"info","message":"Agent 'test_reviewer' created with role 'reviewer'","data":null}
{"timestamp":"2025-07-09T06:39:23.345Z","level":"info","message":"Loaded 5 agents","data":null}
{"timestamp":"2025-07-09T06:39:23.347Z","level":"info","message":"Agent 'test_reviewer' created with role 'reviewer'","data":null}
{"timestamp":"2025-07-09T06:39:23.349Z","level":"info","message":"Loaded 5 agents","data":null}
{"timestamp":"2025-07-09T06:40:15.290Z","level":"info","message":"[CentralBrain] Independent thinking session completed","data":null}
{"timestamp":"2025-07-09T06:40:15.324Z","level":"info","message":"[CentralBrain] Processing input: hi!...","data":null}
{"timestamp":"2025-07-09T06:41:29.631Z","level":"info","message":"[CentralBrain] Learning recorded by SCHOLAR","data":null}
