{"timestamp":"2025-07-08T16:38:59.173Z","level":"info","message":"EmotionEngine initialized","data":null}
{"timestamp":"2025-07-08T16:38:59.202Z","level":"info","message":"Emotion changed: neutral → joy (100.0% intensity)","data":null}
{"timestamp":"2025-07-08T16:38:59.231Z","level":"info","message":"Emotion changed: joy → sadness (100.0% intensity)","data":null}
{"timestamp":"2025-07-08T16:38:59.261Z","level":"info","message":"Emotion changed: sadness → trust (100.0% intensity)","data":null}
{"timestamp":"2025-07-08T16:38:59.307Z","level":"info","message":"Emotion changed: trust → fear (100.0% intensity)","data":null}
{"timestamp":"2025-07-08T16:38:59.336Z","level":"info","message":"Emotion changed: fear → surprise (100.0% intensity)","data":null}
{"timestamp":"2025-07-08T16:38:59.363Z","level":"info","message":"Emotion changed: surprise → disgust (100.0% intensity)","data":null}
{"timestamp":"2025-07-08T16:38:59.386Z","level":"info","message":"Emotion changed: disgust → anticipation (100.0% intensity)","data":null}
{"timestamp":"2025-07-08T16:38:59.411Z","level":"info","message":"Emotion changed: anticipation → trust (100.0% intensity)","data":null}
{"timestamp":"2025-07-08T16:38:59.447Z","level":"info","message":"Emotion changed: trust → joy (100.0% intensity)","data":null}
{"timestamp":"2025-07-08T16:38:59.536Z","level":"info","message":"Emotion changed: joy → sadness (80.0% intensity)","data":null}
{"timestamp":"2025-07-08T16:38:59.583Z","level":"info","message":"Emotion changed: sadness → anger (80.0% intensity)","data":null}
{"timestamp":"2025-07-08T16:38:59.609Z","level":"info","message":"Emotion changed: anger → fear (80.0% intensity)","data":null}
{"timestamp":"2025-07-08T16:38:59.635Z","level":"info","message":"Emotion changed: fear → surprise (80.0% intensity)","data":null}
{"timestamp":"2025-07-08T16:38:59.682Z","level":"info","message":"Emotion changed: surprise → neutral (80.0% intensity)","data":null}
{"timestamp":"2025-07-08T16:38:59.720Z","level":"info","message":"Emotion changed: neutral → joy (70.0% intensity)","data":null}
{"timestamp":"2025-07-08T16:38:59.749Z","level":"info","message":"Emotion changed: joy → sadness (70.0% intensity)","data":null}
{"timestamp":"2025-07-08T16:38:59.776Z","level":"info","message":"Emotion changed: sadness → anger (70.0% intensity)","data":null}
{"timestamp":"2025-07-08T16:38:59.808Z","level":"info","message":"Emotion changed: anger → fear (70.0% intensity)","data":null}
{"timestamp":"2025-07-08T16:38:59.843Z","level":"info","message":"Emotion changed: fear → surprise (70.0% intensity)","data":null}
{"timestamp":"2025-07-08T16:38:59.892Z","level":"info","message":"Emotion changed: surprise → neutral (70.0% intensity)","data":null}
{"timestamp":"2025-07-08T16:38:59.962Z","level":"info","message":"Emotion changed: neutral → joy (75.4% intensity)","data":null}
{"timestamp":"2025-07-08T16:38:59.989Z","level":"info","message":"Emotion changed: joy → surprise (75.4% intensity)","data":null}
{"timestamp":"2025-07-08T16:39:00.011Z","level":"info","message":"Emotion changed: surprise → joy (63.2% intensity)","data":null}
{"timestamp":"2025-07-08T16:39:00.040Z","level":"info","message":"Emotion changed: joy → sadness (94.2% intensity)","data":null}
{"timestamp":"2025-07-08T16:39:00.065Z","level":"info","message":"Emotion changed: sadness → anger (29.4% intensity)","data":null}
{"timestamp":"2025-07-08T16:39:00.090Z","level":"info","message":"Emotion changed: anger → neutral (89.7% intensity)","data":null}
{"timestamp":"2025-07-08T16:39:00.150Z","level":"info","message":"Emotion changed: neutral → trust (100.0% intensity)","data":null}
{"timestamp":"2025-07-08T16:39:00.176Z","level":"info","message":"Emotion changed: trust → joy (39.6% intensity)","data":null}
{"timestamp":"2025-07-08T16:39:00.245Z","level":"info","message":"Emotion changed: joy → joy (100.0% intensity)","data":null}
{"timestamp":"2025-07-08T16:39:00.273Z","level":"info","message":"Emotion changed: joy → neutral (50.0% intensity)","data":null}
{"timestamp":"2025-07-08T16:39:00.277Z","level":"info","message":"Emotion reset to neutral","data":null}
{"timestamp":"2025-07-08T16:47:35.323Z","level":"info","message":"[Help] Generated command documentation: C:\\Users\\broim\\Documents\\GitHub\\neversleep.ai\\COMMANDS.md","data":null}
{"timestamp":"2025-07-08T16:50:56.397Z","level":"info","message":"EmotionEngine initialized","data":null}
{"timestamp":"2025-07-08T16:50:56.399Z","level":"info","message":"[Cache] Loaded 7 cached responses","data":null}
{"timestamp":"2025-07-08T16:50:56.420Z","level":"info","message":"MultiAgentManager initialized","data":null}
{"timestamp":"2025-07-08T16:50:56.422Z","level":"info","message":"MultiAgentManager initialized","data":null}
{"timestamp":"2025-07-08T16:50:56.500Z","level":"info","message":"Agent 'creative_thinker' created with role 'creative_thinker'","data":null}
{"timestamp":"2025-07-08T16:50:56.501Z","level":"info","message":"Agent 'creative_thinker' created with role 'creative_thinker'","data":null}
{"timestamp":"2025-07-08T16:50:56.536Z","level":"info","message":"Agent 'logical_analyst' created with role 'analyst'","data":null}
{"timestamp":"2025-07-08T16:50:56.537Z","level":"info","message":"Loaded 7 workflows","data":null}
{"timestamp":"2025-07-08T16:50:56.538Z","level":"info","message":"Loaded 7 workflows","data":null}
{"timestamp":"2025-07-08T16:50:56.540Z","level":"info","message":"Agent 'logical_analyst' created with role 'analyst'","data":null}
{"timestamp":"2025-07-08T16:50:56.578Z","level":"info","message":"Agent 'practical_implementer' created with role 'implementer'","data":null}
{"timestamp":"2025-07-08T16:50:56.578Z","level":"info","message":"Agent 'practical_implementer' created with role 'implementer'","data":null}
{"timestamp":"2025-07-08T16:50:56.619Z","level":"info","message":"Agent 'test_analyst' created with role 'analyst'","data":null}
{"timestamp":"2025-07-08T16:50:56.621Z","level":"info","message":"Agent 'test_analyst' created with role 'analyst'","data":null}
{"timestamp":"2025-07-08T16:50:56.669Z","level":"info","message":"Agent 'test_reviewer' created with role 'reviewer'","data":null}
{"timestamp":"2025-07-08T16:50:56.670Z","level":"info","message":"Loaded 5 agents","data":null}
{"timestamp":"2025-07-08T16:50:56.672Z","level":"info","message":"Agent 'test_reviewer' created with role 'reviewer'","data":null}
{"timestamp":"2025-07-08T16:50:56.673Z","level":"info","message":"Loaded 5 agents","data":null}
{"timestamp":"2025-07-08T16:51:12.493Z","level":"info","message":"Emotion changed: neutral → surprise (100.0% intensity)","data":null}
{"timestamp":"2025-07-08T16:51:12.529Z","level":"info","message":"Emotion changed: surprise → surprise (43.5% intensity)","data":null}
{"timestamp":"2025-07-08T16:51:13.397Z","level":"info","message":"Emotion changed: surprise → surprise (100.0% intensity)","data":null}
{"timestamp":"2025-07-08T16:51:22.551Z","level":"info","message":"Emotion changed: surprise → surprise (30.5% intensity)","data":null}
{"timestamp":"2025-07-08T16:51:23.085Z","level":"info","message":"Emotion changed: surprise → neutral (50.0% intensity)","data":null}
{"timestamp":"2025-07-08T16:51:25.706Z","level":"info","message":"Emotion changed: neutral → surprise (29.6% intensity)","data":null}
{"timestamp":"2025-07-08T16:51:26.291Z","level":"info","message":"Emotion changed: surprise → neutral (50.0% intensity)","data":null}
{"timestamp":"2025-07-08T16:51:28.885Z","level":"info","message":"Emotion changed: neutral → surprise (28.8% intensity)","data":null}
{"timestamp":"2025-07-08T16:51:29.562Z","level":"info","message":"Emotion changed: surprise → neutral (50.0% intensity)","data":null}
{"timestamp":"2025-07-08T16:51:32.175Z","level":"info","message":"Emotion changed: neutral → surprise (29.2% intensity)","data":null}
{"timestamp":"2025-07-08T16:51:32.804Z","level":"info","message":"Emotion changed: surprise → neutral (50.0% intensity)","data":null}
{"timestamp":"2025-07-08T16:51:35.376Z","level":"info","message":"Emotion changed: neutral → surprise (29.6% intensity)","data":null}
{"timestamp":"2025-07-08T16:51:36.272Z","level":"info","message":"Emotion changed: surprise → surprise (100.0% intensity)","data":null}
{"timestamp":"2025-07-08T16:51:38.869Z","level":"info","message":"Emotion changed: surprise → surprise (30.8% intensity)","data":null}
{"timestamp":"2025-07-08T16:51:39.721Z","level":"info","message":"Emotion changed: surprise → neutral (50.0% intensity)","data":null}
{"timestamp":"2025-07-08T16:51:42.348Z","level":"info","message":"Emotion changed: neutral → surprise (31.7% intensity)","data":null}
{"timestamp":"2025-07-08T16:51:43.978Z","level":"info","message":"Emotion changed: surprise → joy (100.0% intensity)","data":null}
{"timestamp":"2025-07-08T16:51:46.910Z","level":"info","message":"Emotion changed: joy → surprise (29.6% intensity)","data":null}
{"timestamp":"2025-07-08T16:51:48.601Z","level":"info","message":"Emotion changed: surprise → joy (100.0% intensity)","data":null}
{"timestamp":"2025-07-08T16:51:51.534Z","level":"info","message":"Emotion changed: joy → surprise (27.2% intensity)","data":null}
{"timestamp":"2025-07-08T16:51:53.161Z","level":"info","message":"Emotion changed: surprise → joy (100.0% intensity)","data":null}
{"timestamp":"2025-07-08T16:51:56.025Z","level":"info","message":"Emotion changed: joy → surprise (28.4% intensity)","data":null}
{"timestamp":"2025-07-08T16:51:56.653Z","level":"info","message":"Emotion changed: surprise → neutral (50.0% intensity)","data":null}
{"timestamp":"2025-07-08T16:51:59.324Z","level":"info","message":"Emotion changed: neutral → surprise (43.5% intensity)","data":null}
{"timestamp":"2025-07-08T16:52:00.225Z","level":"info","message":"Emotion changed: surprise → surprise (100.0% intensity)","data":null}
{"timestamp":"2025-07-08T16:52:02.902Z","level":"info","message":"Emotion changed: surprise → surprise (42.1% intensity)","data":null}
{"timestamp":"2025-07-08T16:52:03.660Z","level":"info","message":"Emotion changed: surprise → surprise (100.0% intensity)","data":null}
{"timestamp":"2025-07-08T16:52:06.215Z","level":"info","message":"Emotion changed: surprise → surprise (40.8% intensity)","data":null}
{"timestamp":"2025-07-08T16:52:07.018Z","level":"info","message":"Emotion changed: surprise → neutral (50.0% intensity)","data":null}
{"timestamp":"2025-07-08T16:52:09.637Z","level":"info","message":"Emotion changed: neutral → surprise (39.2% intensity)","data":null}
{"timestamp":"2025-07-08T16:52:10.558Z","level":"info","message":"Emotion changed: surprise → neutral (50.0% intensity)","data":null}
{"timestamp":"2025-07-08T16:53:03.579Z","level":"info","message":"Emotion changed: neutral → surprise (16.6% intensity)","data":null}
{"timestamp":"2025-07-08T16:53:03.583Z","level":"info","message":"[Identity] Emotional context for evolution: surprise (16.6% intensity)","data":null}
{"timestamp":"2025-07-08T16:53:04.739Z","level":"info","message":"[Identity] No changes needed","data":null}
{"timestamp":"2025-07-08T16:53:04.810Z","level":"info","message":"Emotion changed: surprise → joy (80.0% intensity)","data":null}
{"timestamp":"2025-07-08T16:53:04.867Z","level":"info","message":"Emotion changed: joy → joy (10.0% intensity)","data":null}
{"timestamp":"2025-07-08T16:53:07.866Z","level":"info","message":"Emotion changed: joy → neutral (50.0% intensity)","data":null}
